Using pre-set license
Built from '2020.2/release' branch; Version is '2020.2.2f1 (068178b99f32) revision 426360'; Using compiler version '192528614'; Build Type 'Release'
OS: 'Windows 10 Enterprise; OS build 19042.985; Version 2009; 64bit' Language: 'en' Physical Memory: 16318 MB
BatchMode: 1, IsHumanControllingUs: 0, StartBugReporterOnCrash: 0, Is64bit: 1, IsPro: 0

 COMMAND LINE ARGUMENTS:
D:\games\unity\2020.2.2f1\Editor\Unity.exe
-adb2
-batchMode
-noUpm
-name
AssetImportWorker0
-projectPath
D:/github/OneButtonGame
-logFile
Logs/AssetImportWorker0.log
-srvPort
56197
Successfully changed project path to: D:/github/OneButtonGame
D:/github/OneButtonGame
Using Asset Import Pipeline V2.
Refreshing native plugins compatible for Editor in 27.81 ms, found 1 plugins.
Preloading 0 native plugins for Editor in 0.00 ms.
Initialize engine version: 2020.2.2f1 (068178b99f32)
[Subsystems] Discovering subsystems at path D:/games/unity/2020.2.2f1/Editor/Data/Resources/UnitySubsystems
[Subsystems] Discovering subsystems at path D:/github/OneButtonGame/Assets
GfxDevice: creating device client; threaded=0
Direct3D:
    Version:  Direct3D 11.0 [level 11.1]
    Renderer: NVIDIA GeForce RTX 2070 (ID=0x1f02)
    Vendor:   
    VRAM:     8031 MB
    Driver:   27.21.14.5671
Initialize mono
Mono path[0] = 'D:/games/unity/2020.2.2f1/Editor/Data/Managed'
Mono path[1] = 'D:/games/unity/2020.2.2f1/Editor/Data/MonoBleedingEdge/lib/mono/unityjit'
Mono config path = 'D:/games/unity/2020.2.2f1/Editor/Data/MonoBleedingEdge/etc'
Using monoOptions --debugger-agent=transport=dt_socket,embedding=1,server=y,suspend=n,address=127.0.0.1:56572
Begin MonoManager ReloadAssembly
Registering precompiled unity dll's ...
Register platform support module: D:/games/unity/2020.2.2f1/Editor/Data/PlaybackEngines/WindowsStandaloneSupport/UnityEditor.WindowsStandalone.Extensions.dll
Registered in 0.000672 seconds.
Native extension for WindowsStandalone target not found
Refreshing native plugins compatible for Editor in 27.39 ms, found 1 plugins.
Preloading 0 native plugins for Editor in 0.00 ms.
Invoked RoslynAnalysisRunner static constructor.
RoslynAnalysisRunner will not be running.
RoslynAnalysisRunner has terminated.
Mono: successfully reloaded assembly
- Completed reload, in  0.630 seconds
Platform modules already initialized, skipping
Registering precompiled user dll's ...
Registered in 0.000535 seconds.
Begin MonoManager ReloadAssembly
Native extension for WindowsStandalone target not found
Refreshing native plugins compatible for Editor in 28.34 ms, found 1 plugins.
Preloading 0 native plugins for Editor in 0.00 ms.
Invoked RoslynAnalysisRunner static constructor.
RoslynAnalysisRunner will not be running.
RoslynAnalysisRunner has terminated.
Mono: successfully reloaded assembly
- Completed reload, in  0.674 seconds
Platform modules already initialized, skipping
========================================================================
Worker process is ready to serve import requests
Launched and connected shader compiler UnityShaderCompiler.exe after 0.03 seconds
Refreshing native plugins compatible for Editor in 0.30 ms, found 1 plugins.
Preloading 0 native plugins for Editor in 0.00 ms.
Unloading 1845 Unused Serialized files (Serialized files now loaded: 0)
System memory in use before: 87.2 MB.
System memory in use after: 87.3 MB.

Unloading 19 unused Assets to reduce memory usage. Loaded Objects now: 2292.
Total: 1.672300 ms (FindLiveObjects: 0.222500 ms CreateObjectMapping: 0.094300 ms MarkObjects: 1.302600 ms  DeleteObjects: 0.051900 ms)

========================================================================
Received Import Request.
  path: Assets/Sprites/flying.anim
  artifactKey: Guid(f4b127e1f9a9a344db05e88e0f5970dd) Importer(815301076,1909f56bfc062723c751e8b465ee728b)
Start importing Assets/Sprites/flying.anim using Guid(f4b127e1f9a9a344db05e88e0f5970dd) Importer(815301076,1909f56bfc062723c751e8b465ee728b)  -> (artifact id: '6ae8fc111a395e036e415c7f54b00fdf') in 0.025974 seconds
  Import took 0.028281 seconds .

========================================================================
Received Prepare
Refreshing native plugins compatible for Editor in 1.01 ms, found 1 plugins.
Preloading 0 native plugins for Editor in 0.00 ms.
Unloading 5 Unused Serialized files (Serialized files now loaded: 0)
System memory in use before: 49.8 MB.
System memory in use after: 49.9 MB.

Unloading 5 unused Assets to reduce memory usage. Loaded Objects now: 2292.
Total: 2.207000 ms (FindLiveObjects: 0.233200 ms CreateObjectMapping: 0.089300 ms MarkObjects: 1.872600 ms  DeleteObjects: 0.011000 ms)

========================================================================
Received Import Request.
  Time since last request: 78.224986 seconds.
  path: Assets/scripts/pipeMovement.cs
  artifactKey: Guid(444ec44bb907fe148b654a7f1a46da85) Importer(815301076,1909f56bfc062723c751e8b465ee728b)
Start importing Assets/scripts/pipeMovement.cs using Guid(444ec44bb907fe148b654a7f1a46da85) Importer(815301076,1909f56bfc062723c751e8b465ee728b)  -> (artifact id: '82382ee8eba7837c35b625eda543b081') in 0.007301 seconds
  Import took 0.009707 seconds .

========================================================================
Received Prepare
Registering precompiled user dll's ...
Registered in 0.093423 seconds.
Begin MonoManager ReloadAssembly
Native extension for WindowsStandalone target not found
Refreshing native plugins compatible for Editor in 0.31 ms, found 1 plugins.
Preloading 0 native plugins for Editor in 0.00 ms.
Invoked RoslynAnalysisRunner static constructor.
RoslynAnalysisRunner will not be running.
RoslynAnalysisRunner has terminated.
Mono: successfully reloaded assembly
- Completed reload, in  0.751 seconds
Platform modules already initialized, skipping
Refreshing native plugins compatible for Editor in 0.40 ms, found 1 plugins.
Preloading 0 native plugins for Editor in 0.00 ms.
Unloading 1822 Unused Serialized files (Serialized files now loaded: 0)
System memory in use before: 86.1 MB.
System memory in use after: 86.2 MB.

Unloading 7 unused Assets to reduce memory usage. Loaded Objects now: 2295.
Total: 1.841700 ms (FindLiveObjects: 0.216300 ms CreateObjectMapping: 0.107200 ms MarkObjects: 1.502400 ms  DeleteObjects: 0.015000 ms)

========================================================================
Received Prepare
Registering precompiled user dll's ...
Registered in 0.000652 seconds.
Begin MonoManager ReloadAssembly
Native extension for WindowsStandalone target not found
Refreshing native plugins compatible for Editor in 0.40 ms, found 1 plugins.
Preloading 0 native plugins for Editor in 0.00 ms.
Invoked RoslynAnalysisRunner static constructor.
RoslynAnalysisRunner will not be running.
RoslynAnalysisRunner has terminated.
Mono: successfully reloaded assembly
- Completed reload, in  0.677 seconds
Platform modules already initialized, skipping
Refreshing native plugins compatible for Editor in 0.37 ms, found 1 plugins.
Preloading 0 native plugins for Editor in 0.00 ms.
Unloading 1822 Unused Serialized files (Serialized files now loaded: 0)
System memory in use before: 86.3 MB.
System memory in use after: 86.4 MB.

Unloading 7 unused Assets to reduce memory usage. Loaded Objects now: 2298.
Total: 1.852800 ms (FindLiveObjects: 0.179400 ms CreateObjectMapping: 0.071700 ms MarkObjects: 1.584300 ms  DeleteObjects: 0.016200 ms)

========================================================================
Received Import Request.
  Time since last request: 25908.111902 seconds.
  path: Assets/scripts/Score.cs
  artifactKey: Guid(db66781a35ae1624880681754f21ef72) Importer(815301076,1909f56bfc062723c751e8b465ee728b)
Start importing Assets/scripts/Score.cs using Guid(db66781a35ae1624880681754f21ef72) Importer(815301076,1909f56bfc062723c751e8b465ee728b)  -> (artifact id: '5c815c1940e83135951c9a7617923e79') in 0.038412 seconds
  Import took 0.043804 seconds .

AssetImportWorkerClient::OnTransportError - code=2 error=End of file
